<?xml version="1.0" encoding="UTF-8"?>
<testng-results ignored="0" total="1" passed="1" failed="0" skipped="0">
  <reporter-output>
  </reporter-output>
  <suite started-at="2022-09-08T12:59:19 IST" name="Default suite" finished-at="2022-09-08T12:59:49 IST" duration-ms="30914">
    <groups>
    </groups>
    <test started-at="2022-09-08T12:59:19 IST" name="Default test" finished-at="2022-09-08T12:59:49 IST" duration-ms="30914">
      <class name="Automation.Login">
        <test-method is-config="true" signature="IntializeDriver()[pri:0, instance:Automation.Login@2e3967ea]" started-at="2022-09-08T12:59:19 IST" name="IntializeDriver" finished-at="2022-09-08T12:59:37 IST" duration-ms="18517" status="PASS">
          <reporter-output>
          </reporter-output>
        </test-method> <!-- IntializeDriver -->
        <test-method signature="SubmitOrder(java.util.HashMap)[pri:0, instance:Automation.Login@2e3967ea]" started-at="2022-09-08T12:59:37 IST" name="SubmitOrder" data-provider="getData" finished-at="2022-09-08T12:59:49 IST" duration-ms="12020" status="PASS">
          <params>
            <param index="0">
              <value>
                <![CDATA[{Email=chandnirangwani97@gmail.com, Password=Chandni@100397}]]>
              </value>
            </param>
          </params>
          <reporter-output>
          </reporter-output>
        </test-method> <!-- SubmitOrder -->
        <test-method is-config="true" signature="CloseDriver()[pri:0, instance:Automation.Login@2e3967ea]" started-at="2022-09-08T12:59:49 IST" name="CloseDriver" finished-at="2022-09-08T12:59:49 IST" duration-ms="299" status="PASS">
          <reporter-output>
          </reporter-output>
        </test-method> <!-- CloseDriver -->
      </class> <!-- Automation.Login -->
    </test> <!-- Default test -->
  </suite> <!-- Default suite -->
</testng-results>
